<?xml version="1.0" encoding="UTF-8"?>
<!-- Generated by org.testng.reporters.JUnitReportReporter -->
<testsuite hostname="DESKTOP-UDR6P21" failures="0" tests="1" name="Logg.login" time="5.019" errors="0" timestamp="2023-03-20T17:22:11 IST" skipped="0">
  <testcase classname="Logg.login" name="display" time="5.019"/>
  <system-out/>
</testsuite> <!-- Logg.login -->
