<?xml version="1.0" encoding="UTF-8"?>
<!-- Generated by org.testng.reporters.JUnitReportReporter -->
<testsuite hostname="DESKTOP-UDR6P21" failures="0" tests="1" name="Logg.registerUser" time="8.349" errors="0" timestamp="2023-03-20T19:38:33 IST" skipped="0">
  <testcase classname="Logg.registerUser" name="display" time="8.349"/>
  <system-out/>
</testsuite> <!-- Logg.registerUser -->
